<project name="junit" default="junit">
  <description>
  Provides the JUnit tool and the Hackystat JUnit sensor.
  </description>

  <import file="build.xml" />
  <property name="junit.dir" location="${build.dir}/junit" />
  <property name="junit.version" value="4.4" />
  <target name="junit" depends="junit.tool, junit.report, junit.sensor" description="Runs JUnit, JunitReport">
    <fail if="junit.failed">JUnit test case(s) failed.</fail>
  </target>

  <target name="junit.tool" depends="compile" description="Run JUnit tests.">
    <mkdir dir="${junit.dir}" />

  	<!-- Extracts the sensorbase.jar file for unit testing. -->
  	<unzip src="${env.HACKYSTAT_SENSORBASE_HOME}/sensorbase.jar" dest="${build.dir}/classes" />
  	
    <!-- Run the tests, which are all classes whose name starts with 'Test'. -->
    <!-- Fork is on until I can figure out how to stop the sensorbase and unbind the port. -->
    <!-- Note that emma is forking in its JUnit as well. -->
    <junit printsummary="withOutAndErr" haltonfailure="${junit.haltonfailure}" fork="yes" failureproperty="junit.failed">
      <classpath>
        <pathelement location="${build.dir}/classes" />
        <path refid="compile.classpath" />
      </classpath>
      <sysproperty key="user.dir" value="${basedir}" />
      <formatter type="xml" />
      <batchtest todir="${junit.dir}">
        <fileset dir="${src.dir}" includes="**/Test*.java" />
      	<fileset dir="${build.dir}/classes" includes="org/hackystat/**/Test*.class" />
      </batchtest>
    </junit>
  	
    <!-- Now delete the  unecessary .class files-->
    <delete dir="${build.dir}/classes" />
  	<antcall target="compile" />
  </target>

  <target name="junit.report" description="Generates an HTML report for JUnit.">
    <taskdef name="junitreport" classname="org.apache.tools.ant.taskdefs.optional.junit.XMLResultAggregator" />
    <junitreport todir="${junit.dir}">
      <fileset dir="${junit.dir}" includes="TEST-*.xml" />
      <report format="frames" todir="${junit.dir}" />
    </junitreport>
  </target>

  <target name="junit.sensor" description="Send hackystat data about this JUnit invocation." if="hackystat.enabled">
    <fileset id="junit.datafiles" dir="${junit.dir}" includes="TEST-*.xml" />
    <fileset id="junit.sourcefiles" dir="${src.dir}" includes="**/Test*.java" />
    <hackystat.junit junit.sourcefiles.fileset="junit.sourcefiles" junit.datafiles.fileset="junit.datafiles" verbose="${hackystat.verbose.mode}" />
  </target>


</project>



