<project name="stack.junit" default="junit" xmlns:ivy="antlib:org.apache.ivy.ant">
  <description>
    Runs junit on system, using tests in classes whose names start with Test*.
    Invocation: ant -f junit.build.xml
  </description>

  <import file="build.xml"/>
  <property name="junit.build.dir" location="${build.dir}/junit" />
  <property name="junit.haltonfailure" value="false"/>

  <target name="junit" depends="junit.tool, junit.report, junit.sensor" description="Runs JUnit, JunitReport"/>

  <target name="junit.tool" depends="compile" description="Run JUnit tests.">
    <mkdir dir="${junit.build.dir}" />
    <property name="sensorbase.xml.dir" location="../hackystat-sensorbase-uh/xml"/>
    
    <!-- Run the tests, which are all classes whose name starts with 'Test'. -->
    <junit maxmemory="512M" printsummary="withOutAndErr" fork="yes">
       <classpath path="${build.dir}/classes">
         <path refid="compile.classpath" />
       </classpath>
       <sysproperty key="user.dir" value="${basedir}" />
       <sysproperty key="sensorbase.db.impl" value="org.hackystat.sensorbase.db.postgres.PostgresImplementation" />
       <sysproperty key="sensorbase.db.postgres.db" value="hackystat_test" />
       <sysproperty key="sensorbase.db.postgres.user" value="hackystat_test" />
       <sysproperty key="sensorbase.db.postgres.password" value="hackystat_test" />  
       <sysproperty key="sensorbase.xml.dir" value="${sensorbase.xml.dir}" /> 
      
       <formatter type="xml" />
       <batchtest todir="${junit.build.dir}">
         <fileset dir="${src.dir}">
           <include name="**/Test*.java" />
         </fileset>
         <zipfileset src="${lib.dir}/hackystat-sensorbase-uh/sensorbase.jar">
           <include name="**/org/hackystat/sensorbase/**/Test*.class"/>
         </zipfileset>        
       </batchtest>
     </junit>
  </target>

  <target name="junit.report" description="Generates an HTML report for JUnit.">
    <taskdef name="junitreport" 
      classname="org.apache.tools.ant.taskdefs.optional.junit.XMLResultAggregator" />
    <junitreport todir="${junit.build.dir}">
      <fileset dir="${junit.build.dir}" includes="TEST-*.xml"/>
      <report format="frames" todir="${junit.build.dir}" />
    </junitreport>
  </target>
  
  <target name="junit.sensor" depends="define-sensors" if="hackystat.enabled" description="Sends UnitTest data to Hackystat using the JUnit sensor.">
    <hacky-junit verbose="${hackystat.verbose.mode}" failOnError="true">
      <sourcefiles>
        <fileset dir="${src.dir}" includes="**/*.java"/>
      </sourcefiles>
      <datafiles>
        <fileset dir="${junit.build.dir}" includes="TEST-*.xml" />
      </datafiles>
    </hacky-junit>
  </target>
</project>



